<?xml version="1.0" encoding="utf-8"?><testsuites name="pytest tests"><testsuite name="pytest" errors="0" failures="4" skipped="0" tests="16" time="3.914" timestamp="2026-04-29T15:46:54.409436+00:00" hostname="agent-env-8e1db2c0-7c10-4f44-9e03-e7b416aad7bd"><testcase classname="backend.tests.backend_test" name="test_register_new_user" time="0.402" /><testcase classname="backend.tests.backend_test" name="test_login_admin" time="0.361" /><testcase classname="backend.tests.backend_test" name="test_me" time="0.134" /><testcase classname="backend.tests.backend_test" name="test_me_no_token" time="0.118" /><testcase classname="backend.tests.backend_test" name="test_market_coins" time="0.246" /><testcase classname="backend.tests.backend_test" name="test_market_ohlc" time="0.192" /><testcase classname="backend.tests.backend_test" name="test_market_chart" time="0.206" /><testcase classname="backend.tests.backend_test" name="test_signal" time="0.204"><failure message="AssertionError: {&quot;detail&quot;:&quot;CoinGecko error: 429&quot;}&#10;assert 502 == 200&#10; +  where 502 = &lt;Response [502]&gt;.status_code">backend/tests/backend_test.py:60: in test_signal
    assert r.status_code == 200, r.text
E   AssertionError: {"detail":"CoinGecko error: 429"}
E   assert 502 == 200
E    +  where 502 = &lt;Response [502]&gt;.status_code</failure></testcase><testcase classname="backend.tests.backend_test" name="test_explain" time="0.199"><failure message="AssertionError: {&quot;detail&quot;:&quot;CoinGecko error: 429&quot;}&#10;assert 502 == 200&#10; +  where 502 = &lt;Response [502]&gt;.status_code">backend/tests/backend_test.py:68: in test_explain
    assert r.status_code == 200, r.text
E   AssertionError: {"detail":"CoinGecko error: 429"}
E   assert 502 == 200
E    +  where 502 = &lt;Response [502]&gt;.status_code</failure></testcase><testcase classname="backend.tests.backend_test" name="test_risk" time="0.134" /><testcase classname="backend.tests.backend_test" name="test_risk_invalid" time="0.119" /><testcase classname="backend.tests.backend_test" name="test_holding_crud" time="0.314"><failure message="assert 502 == 200&#10; +  where 502 = &lt;Response [502]&gt;.status_code">backend/tests/backend_test.py:96: in test_holding_crud
    assert r2.status_code == 200
E   assert 502 == 200
E    +  where 502 = &lt;Response [502]&gt;.status_code</failure></testcase><testcase classname="backend.tests.backend_test" name="test_paper_trade_buy_sell" time="0.360" /><testcase classname="backend.tests.backend_test" name="test_paper_trade_insufficient" time="0.119" /><testcase classname="backend.tests.backend_test" name="test_alerts_flow" time="0.436"><failure message="assert 502 == 200&#10; +  where 502 = &lt;Response [502]&gt;.status_code">backend/tests/backend_test.py:143: in test_alerts_flow
    assert r3.status_code == 200
E   assert 502 == 200
E    +  where 502 = &lt;Response [502]&gt;.status_code</failure></testcase><testcase classname="backend.tests.backend_test" name="test_signal_alert" time="0.249" /></testsuite></testsuites>